c:\users\hellr\documents\github\3d-engine-tutorial\3d-engine\debug\vc140.pdb
c:\users\hellr\documents\github\3d-engine-tutorial\3d-engine\debug\vc140.idb
c:\users\hellr\documents\github\3d-engine-tutorial\3d-engine\debug\imgui.obj
c:\users\hellr\documents\github\3d-engine-tutorial\3d-engine\debug\imgui_demo.obj
c:\users\hellr\documents\github\3d-engine-tutorial\3d-engine\debug\imgui_draw.obj
c:\users\hellr\documents\github\3d-engine-tutorial\3d-engine\debug\imgui_impl_sdl_gl3.obj
c:\users\hellr\documents\github\3d-engine-tutorial\3d-engine\debug\inspector.obj
c:\users\hellr\documents\github\3d-engine-tutorial\3d-engine\debug\log.obj
c:\users\hellr\documents\github\3d-engine-tutorial\3d-engine\debug\main.obj
c:\users\hellr\documents\github\3d-engine-tutorial\3d-engine\debug\menu.obj
c:\users\hellr\documents\github\3d-engine-tutorial\3d-engine\debug\moduleaudio.obj
c:\users\hellr\documents\github\3d-engine-tutorial\3d-engine\debug\modulecameraeditor.obj
c:\users\hellr\documents\github\3d-engine-tutorial\3d-engine\debug\moduleeditor.obj
c:\users\hellr\documents\github\3d-engine-tutorial\3d-engine\debug\modulefadetoblack.obj
c:\users\hellr\documents\github\3d-engine-tutorial\3d-engine\debug\moduleinput.obj
c:\users\hellr\documents\github\3d-engine-tutorial\3d-engine\debug\modulerender.obj
c:\users\hellr\documents\github\3d-engine-tutorial\3d-engine\debug\modulescene.obj
c:\users\hellr\documents\github\3d-engine-tutorial\3d-engine\debug\moduletextures.obj
c:\users\hellr\documents\github\3d-engine-tutorial\3d-engine\debug\modulewindow.obj
c:\users\hellr\documents\github\3d-engine-tutorial\3d-engine\debug\opengl_renderer.obj
c:\users\hellr\documents\github\3d-engine-tutorial\3d-engine\debug\componentmaterial.obj
c:\users\hellr\documents\github\3d-engine-tutorial\3d-engine\debug\tempmicro.obj
c:\users\hellr\documents\github\3d-engine-tutorial\3d-engine\debug\application.obj
c:\users\hellr\documents\github\3d-engine-tutorial\3d-engine\debug\colors.obj
c:\users\hellr\documents\github\3d-engine-tutorial\3d-engine\debug\componentmesh.obj
c:\users\hellr\documents\github\3d-engine-tutorial\3d-engine\debug\componenttransform.obj
c:\users\hellr\documents\github\3d-engine-tutorial\3d-engine\debug\configurationwindow.obj
c:\users\hellr\documents\github\3d-engine-tutorial\3d-engine\debug\consolelog.obj
c:\users\hellr\documents\github\3d-engine-tutorial\3d-engine\debug\fpsgraph.obj
c:\users\hellr\documents\github\3d-engine-tutorial\3d-engine\debug\gameobject.obj
c:\users\hellr\documents\github\3d-engine-tutorial\3d-engine\debug\grid.obj
c:\users\hellr\documents\github\3d-engine-tutorial\3d-engine\debug\hierarchywindow.obj
c:\users\hellr\documents\github\3d-engine-tutorial\3d-engine\debug\ghostcamera.obj
c:\users\hellr\documents\github\3d-engine-tutorial\3d-engine\debug\triangle.obj
c:\users\hellr\documents\github\3d-engine-tutorial\3d-engine\debug\trianglemesh.obj
c:\users\hellr\documents\github\3d-engine-tutorial\3d-engine\debug\bitops.obj
c:\users\hellr\documents\github\3d-engine-tutorial\3d-engine\debug\callstack.obj
c:\users\hellr\documents\github\3d-engine-tutorial\3d-engine\debug\float2.obj
c:\users\hellr\documents\github\3d-engine-tutorial\3d-engine\debug\float3.obj
c:\users\hellr\documents\github\3d-engine-tutorial\3d-engine\debug\float3x3.obj
c:\users\hellr\documents\github\3d-engine-tutorial\3d-engine\debug\float3x4.obj
c:\users\hellr\documents\github\3d-engine-tutorial\3d-engine\debug\float4.obj
c:\users\hellr\documents\github\3d-engine-tutorial\3d-engine\debug\float4d.obj
c:\users\hellr\documents\github\3d-engine-tutorial\3d-engine\debug\float4x4.obj
c:\users\hellr\documents\github\3d-engine-tutorial\3d-engine\debug\grisu3_cpp.obj
c:\users\hellr\documents\github\3d-engine-tutorial\3d-engine\debug\mathfunc.obj
c:\users\hellr\documents\github\3d-engine-tutorial\3d-engine\debug\mathlog.obj
c:\users\hellr\documents\github\3d-engine-tutorial\3d-engine\debug\mathops.obj
c:\users\hellr\documents\github\3d-engine-tutorial\3d-engine\debug\polynomial.obj
c:\users\hellr\documents\github\3d-engine-tutorial\3d-engine\debug\quat.obj
c:\users\hellr\documents\github\3d-engine-tutorial\3d-engine\debug\ssemath.obj
c:\users\hellr\documents\github\3d-engine-tutorial\3d-engine\debug\transformops.obj
c:\users\hellr\documents\github\3d-engine-tutorial\3d-engine\debug\clock.obj
c:\users\hellr\documents\github\3d-engine-tutorial\3d-engine\debug\gjk.obj
c:\users\hellr\documents\github\3d-engine-tutorial\3d-engine\debug\lcg.obj
c:\users\hellr\documents\github\3d-engine-tutorial\3d-engine\debug\aabb.obj
c:\users\hellr\documents\github\3d-engine-tutorial\3d-engine\debug\capsule.obj
c:\users\hellr\documents\github\3d-engine-tutorial\3d-engine\debug\circle.obj
c:\users\hellr\documents\github\3d-engine-tutorial\3d-engine\debug\frustum.obj
c:\users\hellr\documents\github\3d-engine-tutorial\3d-engine\debug\line.obj
c:\users\hellr\documents\github\3d-engine-tutorial\3d-engine\debug\linesegment.obj
c:\users\hellr\documents\github\3d-engine-tutorial\3d-engine\debug\obb.obj
c:\users\hellr\documents\github\3d-engine-tutorial\3d-engine\debug\pbvolume.obj
c:\users\hellr\documents\github\3d-engine-tutorial\3d-engine\debug\plane.obj
c:\users\hellr\documents\github\3d-engine-tutorial\3d-engine\debug\polygon.obj
c:\users\hellr\documents\github\3d-engine-tutorial\3d-engine\debug\polyhedron.obj
c:\users\hellr\documents\github\3d-engine-tutorial\3d-engine\debug\ray.obj
c:\users\hellr\documents\github\3d-engine-tutorial\3d-engine\debug\sphere.obj
c:\users\hellr\documents\github\3d-engine-tutorial\3d-engine\debug\grisu3.obj
c:\users\hellr\documents\github\3d-engine-tutorial\3d-engine\debug\my3dengine.ilk
c:\users\hellr\documents\github\3d-engine-tutorial\3d-engine\debug\my3dengine.exe
c:\users\hellr\documents\github\3d-engine-tutorial\3d-engine\debug\my3dengine.pdb
c:\users\hellr\documents\github\3d-engine-tutorial\3d-engine\debug\my3dengine.tlog\cl.command.1.tlog
c:\users\hellr\documents\github\3d-engine-tutorial\3d-engine\debug\my3dengine.tlog\cl.read.1.tlog
c:\users\hellr\documents\github\3d-engine-tutorial\3d-engine\debug\my3dengine.tlog\cl.write.1.tlog
c:\users\hellr\documents\github\3d-engine-tutorial\3d-engine\debug\my3dengine.tlog\link.command.1.tlog
c:\users\hellr\documents\github\3d-engine-tutorial\3d-engine\debug\my3dengine.tlog\link.read.1.tlog
c:\users\hellr\documents\github\3d-engine-tutorial\3d-engine\debug\my3dengine.tlog\link.write.1.tlog
