  OpenGL_Renderer.cpp
c:\users\hellr\documents\github\3d-engine-tutorial\3d-engine\tutorial04-shader.h(96): warning C4996: 'strcpy': This function or variable may be unsafe. Consider using strcpy_s instead. To disable deprecation, use _CRT_SECURE_NO_WARNINGS. See online help for details.
  c:\program files (x86)\windows kits\10\include\10.0.10240.0\ucrt\string.h(119): note: see declaration of 'strcpy'
c:\users\hellr\documents\github\3d-engine-tutorial\3d-engine\tutorial04-shader.h(99): warning C4996: 'strcpy': This function or variable may be unsafe. Consider using strcpy_s instead. To disable deprecation, use _CRT_SECURE_NO_WARNINGS. See online help for details.
  c:\program files (x86)\windows kits\10\include\10.0.10240.0\ucrt\string.h(119): note: see declaration of 'strcpy'
c:\users\hellr\documents\github\3d-engine-tutorial\3d-engine\tutorial05-uniformvariables.h(102): warning C4996: 'strcpy': This function or variable may be unsafe. Consider using strcpy_s instead. To disable deprecation, use _CRT_SECURE_NO_WARNINGS. See online help for details.
  c:\program files (x86)\windows kits\10\include\10.0.10240.0\ucrt\string.h(119): note: see declaration of 'strcpy'
c:\users\hellr\documents\github\3d-engine-tutorial\3d-engine\tutorial05-uniformvariables.h(105): warning C4996: 'strcpy': This function or variable may be unsafe. Consider using strcpy_s instead. To disable deprecation, use _CRT_SECURE_NO_WARNINGS. See online help for details.
  c:\program files (x86)\windows kits\10\include\10.0.10240.0\ucrt\string.h(119): note: see declaration of 'strcpy'
c:\users\hellr\documents\github\3d-engine-tutorial\3d-engine\tempmili.h(14): warning C4244: 'initializing': conversion from 'float' to 'Uint64', possible loss of data
c:\users\hellr\documents\github\3d-engine-tutorial\3d-engine\tempmili.h(30): warning C4244: 'return': conversion from 'Uint64' to 'double', possible loss of data
c:\users\hellr\documents\github\3d-engine-tutorial\3d-engine\tempmili.h(32): warning C4244: 'return': conversion from 'Uint64' to 'double', possible loss of data
c:\users\hellr\documents\github\3d-engine-tutorial\3d-engine\tempmili.h(41): warning C4244: 'return': conversion from 'Uint64' to 'double', possible loss of data
c:\users\hellr\documents\github\3d-engine-tutorial\3d-engine\camera.h(118): warning C4244: '-=': conversion from 'double' to 'GLfloat', possible loss of data
c:\users\hellr\documents\github\3d-engine-tutorial\3d-engine\basictutorialcamera.h(188): warning C4244: 'initializing': conversion from 'double' to 'GLfloat', possible loss of data
c:\users\hellr\documents\github\3d-engine-tutorial\3d-engine\basictutorialcamera.h(189): warning C4244: 'initializing': conversion from 'double' to 'GLfloat', possible loss of data
c:\users\hellr\documents\github\3d-engine-tutorial\3d-engine\basictutorialcamera.h(312): warning C4244: '-=': conversion from 'double' to 'GLfloat', possible loss of data
c:\users\hellr\documents\github\3d-engine-tutorial\3d-engine\materialtutorial.h(129): warning C4244: '=': conversion from 'double' to 'float', possible loss of data
c:\users\hellr\documents\github\3d-engine-tutorial\3d-engine\materialtutorial.h(130): warning C4244: '=': conversion from 'double' to 'float', possible loss of data
c:\users\hellr\documents\github\3d-engine-tutorial\3d-engine\materialtutorial.h(131): warning C4244: '=': conversion from 'double' to 'float', possible loss of data
c:\users\hellr\documents\github\3d-engine-tutorial\3d-engine\pointlighttutorial.h(170): warning C4305: 'argument': truncation from 'double' to 'GLfloat'
c:\users\hellr\documents\github\3d-engine-tutorial\3d-engine\pointlighttutorial.h(171): warning C4305: 'argument': truncation from 'double' to 'GLfloat'
c:\users\hellr\documents\github\3d-engine-tutorial\3d-engine\spotlighttutorial.h(182): warning C4305: 'argument': truncation from 'double' to 'GLfloat'
c:\users\hellr\documents\github\3d-engine-tutorial\3d-engine\spotlighttutorial.h(183): warning C4305: 'argument': truncation from 'double' to 'GLfloat'
c:\users\hellr\documents\github\3d-engine-tutorial\3d-engine\multiplelightstutorial.h(188): warning C4305: 'argument': truncation from 'double' to 'GLfloat'
c:\users\hellr\documents\github\3d-engine-tutorial\3d-engine\multiplelightstutorial.h(189): warning C4305: 'argument': truncation from 'double' to 'GLfloat'
c:\users\hellr\documents\github\3d-engine-tutorial\3d-engine\multiplelightstutorial.h(196): warning C4305: 'argument': truncation from 'double' to 'GLfloat'
c:\users\hellr\documents\github\3d-engine-tutorial\3d-engine\multiplelightstutorial.h(197): warning C4305: 'argument': truncation from 'double' to 'GLfloat'
c:\users\hellr\documents\github\3d-engine-tutorial\3d-engine\multiplelightstutorial.h(204): warning C4305: 'argument': truncation from 'double' to 'GLfloat'
c:\users\hellr\documents\github\3d-engine-tutorial\3d-engine\multiplelightstutorial.h(205): warning C4305: 'argument': truncation from 'double' to 'GLfloat'
c:\users\hellr\documents\github\3d-engine-tutorial\3d-engine\multiplelightstutorial.h(212): warning C4305: 'argument': truncation from 'double' to 'GLfloat'
c:\users\hellr\documents\github\3d-engine-tutorial\3d-engine\multiplelightstutorial.h(213): warning C4305: 'argument': truncation from 'double' to 'GLfloat'
c:\users\hellr\documents\github\3d-engine-tutorial\3d-engine\graphnode.h(38): warning C4018: '<': signed/unsigned mismatch
c:\users\hellr\documents\github\3d-engine-tutorial\3d-engine\graphnode.h(40): warning C4018: '<': signed/unsigned mismatch
c:\users\hellr\documents\github\3d-engine-tutorial\3d-engine\graphnode.h(157): warning C4018: '<': signed/unsigned mismatch
c:\users\hellr\documents\github\3d-engine-tutorial\3d-engine\graphnode.h(162): warning C4018: '<': signed/unsigned mismatch
c:\users\hellr\documents\github\3d-engine-tutorial\3d-engine\graphnode.h(183): warning C4018: '<': signed/unsigned mismatch
c:\users\hellr\documents\github\3d-engine-tutorial\3d-engine\scenegraph.h(74): warning C4018: '<': signed/unsigned mismatch
c:\users\hellr\documents\github\3d-engine-tutorial\3d-engine\scenegraph.h(115): warning C4018: '<': signed/unsigned mismatch
  ModuleRender.cpp
c:\users\hellr\documents\github\3d-engine-tutorial\3d-engine\tempmili.h(14): warning C4244: 'initializing': conversion from 'float' to 'Uint64', possible loss of data
c:\users\hellr\documents\github\3d-engine-tutorial\3d-engine\tempmili.h(30): warning C4244: 'return': conversion from 'Uint64' to 'double', possible loss of data
c:\users\hellr\documents\github\3d-engine-tutorial\3d-engine\tempmili.h(32): warning C4244: 'return': conversion from 'Uint64' to 'double', possible loss of data
c:\users\hellr\documents\github\3d-engine-tutorial\3d-engine\tempmili.h(41): warning C4244: 'return': conversion from 'Uint64' to 'double', possible loss of data
c:\users\hellr\documents\github\3d-engine-tutorial\3d-engine\tutorial04-shader.h(96): warning C4996: 'strcpy': This function or variable may be unsafe. Consider using strcpy_s instead. To disable deprecation, use _CRT_SECURE_NO_WARNINGS. See online help for details.
  c:\program files (x86)\windows kits\10\include\10.0.10240.0\ucrt\string.h(119): note: see declaration of 'strcpy'
c:\users\hellr\documents\github\3d-engine-tutorial\3d-engine\tutorial04-shader.h(99): warning C4996: 'strcpy': This function or variable may be unsafe. Consider using strcpy_s instead. To disable deprecation, use _CRT_SECURE_NO_WARNINGS. See online help for details.
  c:\program files (x86)\windows kits\10\include\10.0.10240.0\ucrt\string.h(119): note: see declaration of 'strcpy'
c:\users\hellr\documents\github\3d-engine-tutorial\3d-engine\tutorial05-uniformvariables.h(102): warning C4996: 'strcpy': This function or variable may be unsafe. Consider using strcpy_s instead. To disable deprecation, use _CRT_SECURE_NO_WARNINGS. See online help for details.
  c:\program files (x86)\windows kits\10\include\10.0.10240.0\ucrt\string.h(119): note: see declaration of 'strcpy'
c:\users\hellr\documents\github\3d-engine-tutorial\3d-engine\tutorial05-uniformvariables.h(105): warning C4996: 'strcpy': This function or variable may be unsafe. Consider using strcpy_s instead. To disable deprecation, use _CRT_SECURE_NO_WARNINGS. See online help for details.
  c:\program files (x86)\windows kits\10\include\10.0.10240.0\ucrt\string.h(119): note: see declaration of 'strcpy'
c:\users\hellr\documents\github\3d-engine-tutorial\3d-engine\camera.h(118): warning C4244: '-=': conversion from 'double' to 'GLfloat', possible loss of data
c:\users\hellr\documents\github\3d-engine-tutorial\3d-engine\basictutorialcamera.h(188): warning C4244: 'initializing': conversion from 'double' to 'GLfloat', possible loss of data
c:\users\hellr\documents\github\3d-engine-tutorial\3d-engine\basictutorialcamera.h(189): warning C4244: 'initializing': conversion from 'double' to 'GLfloat', possible loss of data
c:\users\hellr\documents\github\3d-engine-tutorial\3d-engine\basictutorialcamera.h(312): warning C4244: '-=': conversion from 'double' to 'GLfloat', possible loss of data
c:\users\hellr\documents\github\3d-engine-tutorial\3d-engine\materialtutorial.h(129): warning C4244: '=': conversion from 'double' to 'float', possible loss of data
c:\users\hellr\documents\github\3d-engine-tutorial\3d-engine\materialtutorial.h(130): warning C4244: '=': conversion from 'double' to 'float', possible loss of data
c:\users\hellr\documents\github\3d-engine-tutorial\3d-engine\materialtutorial.h(131): warning C4244: '=': conversion from 'double' to 'float', possible loss of data
c:\users\hellr\documents\github\3d-engine-tutorial\3d-engine\pointlighttutorial.h(170): warning C4305: 'argument': truncation from 'double' to 'GLfloat'
c:\users\hellr\documents\github\3d-engine-tutorial\3d-engine\pointlighttutorial.h(171): warning C4305: 'argument': truncation from 'double' to 'GLfloat'
c:\users\hellr\documents\github\3d-engine-tutorial\3d-engine\spotlighttutorial.h(182): warning C4305: 'argument': truncation from 'double' to 'GLfloat'
c:\users\hellr\documents\github\3d-engine-tutorial\3d-engine\spotlighttutorial.h(183): warning C4305: 'argument': truncation from 'double' to 'GLfloat'
c:\users\hellr\documents\github\3d-engine-tutorial\3d-engine\multiplelightstutorial.h(188): warning C4305: 'argument': truncation from 'double' to 'GLfloat'
c:\users\hellr\documents\github\3d-engine-tutorial\3d-engine\multiplelightstutorial.h(189): warning C4305: 'argument': truncation from 'double' to 'GLfloat'
c:\users\hellr\documents\github\3d-engine-tutorial\3d-engine\multiplelightstutorial.h(196): warning C4305: 'argument': truncation from 'double' to 'GLfloat'
c:\users\hellr\documents\github\3d-engine-tutorial\3d-engine\multiplelightstutorial.h(197): warning C4305: 'argument': truncation from 'double' to 'GLfloat'
c:\users\hellr\documents\github\3d-engine-tutorial\3d-engine\multiplelightstutorial.h(204): warning C4305: 'argument': truncation from 'double' to 'GLfloat'
c:\users\hellr\documents\github\3d-engine-tutorial\3d-engine\multiplelightstutorial.h(205): warning C4305: 'argument': truncation from 'double' to 'GLfloat'
c:\users\hellr\documents\github\3d-engine-tutorial\3d-engine\multiplelightstutorial.h(212): warning C4305: 'argument': truncation from 'double' to 'GLfloat'
c:\users\hellr\documents\github\3d-engine-tutorial\3d-engine\multiplelightstutorial.h(213): warning C4305: 'argument': truncation from 'double' to 'GLfloat'
c:\users\hellr\documents\github\3d-engine-tutorial\3d-engine\graphnode.h(38): warning C4018: '<': signed/unsigned mismatch
c:\users\hellr\documents\github\3d-engine-tutorial\3d-engine\graphnode.h(40): warning C4018: '<': signed/unsigned mismatch
c:\users\hellr\documents\github\3d-engine-tutorial\3d-engine\graphnode.h(157): warning C4018: '<': signed/unsigned mismatch
c:\users\hellr\documents\github\3d-engine-tutorial\3d-engine\graphnode.h(162): warning C4018: '<': signed/unsigned mismatch
c:\users\hellr\documents\github\3d-engine-tutorial\3d-engine\graphnode.h(183): warning C4018: '<': signed/unsigned mismatch
c:\users\hellr\documents\github\3d-engine-tutorial\3d-engine\scenegraph.h(74): warning C4018: '<': signed/unsigned mismatch
c:\users\hellr\documents\github\3d-engine-tutorial\3d-engine\scenegraph.h(115): warning C4018: '<': signed/unsigned mismatch
  ModuleFadeToBlack.cpp
c:\users\hellr\documents\github\3d-engine-tutorial\3d-engine\tempmili.h(14): warning C4244: 'initializing': conversion from 'float' to 'Uint64', possible loss of data
c:\users\hellr\documents\github\3d-engine-tutorial\3d-engine\tempmili.h(30): warning C4244: 'return': conversion from 'Uint64' to 'double', possible loss of data
c:\users\hellr\documents\github\3d-engine-tutorial\3d-engine\tempmili.h(32): warning C4244: 'return': conversion from 'Uint64' to 'double', possible loss of data
c:\users\hellr\documents\github\3d-engine-tutorial\3d-engine\tempmili.h(41): warning C4244: 'return': conversion from 'Uint64' to 'double', possible loss of data
c:\users\hellr\documents\github\3d-engine-tutorial\3d-engine\tutorial04-shader.h(96): warning C4996: 'strcpy': This function or variable may be unsafe. Consider using strcpy_s instead. To disable deprecation, use _CRT_SECURE_NO_WARNINGS. See online help for details.
  c:\program files (x86)\windows kits\10\include\10.0.10240.0\ucrt\string.h(119): note: see declaration of 'strcpy'
c:\users\hellr\documents\github\3d-engine-tutorial\3d-engine\tutorial04-shader.h(99): warning C4996: 'strcpy': This function or variable may be unsafe. Consider using strcpy_s instead. To disable deprecation, use _CRT_SECURE_NO_WARNINGS. See online help for details.
  c:\program files (x86)\windows kits\10\include\10.0.10240.0\ucrt\string.h(119): note: see declaration of 'strcpy'
c:\users\hellr\documents\github\3d-engine-tutorial\3d-engine\tutorial05-uniformvariables.h(102): warning C4996: 'strcpy': This function or variable may be unsafe. Consider using strcpy_s instead. To disable deprecation, use _CRT_SECURE_NO_WARNINGS. See online help for details.
  c:\program files (x86)\windows kits\10\include\10.0.10240.0\ucrt\string.h(119): note: see declaration of 'strcpy'
c:\users\hellr\documents\github\3d-engine-tutorial\3d-engine\tutorial05-uniformvariables.h(105): warning C4996: 'strcpy': This function or variable may be unsafe. Consider using strcpy_s instead. To disable deprecation, use _CRT_SECURE_NO_WARNINGS. See online help for details.
  c:\program files (x86)\windows kits\10\include\10.0.10240.0\ucrt\string.h(119): note: see declaration of 'strcpy'
c:\users\hellr\documents\github\3d-engine-tutorial\3d-engine\camera.h(118): warning C4244: '-=': conversion from 'double' to 'GLfloat', possible loss of data
c:\users\hellr\documents\github\3d-engine-tutorial\3d-engine\basictutorialcamera.h(188): warning C4244: 'initializing': conversion from 'double' to 'GLfloat', possible loss of data
c:\users\hellr\documents\github\3d-engine-tutorial\3d-engine\basictutorialcamera.h(189): warning C4244: 'initializing': conversion from 'double' to 'GLfloat', possible loss of data
c:\users\hellr\documents\github\3d-engine-tutorial\3d-engine\basictutorialcamera.h(312): warning C4244: '-=': conversion from 'double' to 'GLfloat', possible loss of data
c:\users\hellr\documents\github\3d-engine-tutorial\3d-engine\materialtutorial.h(129): warning C4244: '=': conversion from 'double' to 'float', possible loss of data
c:\users\hellr\documents\github\3d-engine-tutorial\3d-engine\materialtutorial.h(130): warning C4244: '=': conversion from 'double' to 'float', possible loss of data
c:\users\hellr\documents\github\3d-engine-tutorial\3d-engine\materialtutorial.h(131): warning C4244: '=': conversion from 'double' to 'float', possible loss of data
c:\users\hellr\documents\github\3d-engine-tutorial\3d-engine\pointlighttutorial.h(170): warning C4305: 'argument': truncation from 'double' to 'GLfloat'
c:\users\hellr\documents\github\3d-engine-tutorial\3d-engine\pointlighttutorial.h(171): warning C4305: 'argument': truncation from 'double' to 'GLfloat'
c:\users\hellr\documents\github\3d-engine-tutorial\3d-engine\spotlighttutorial.h(182): warning C4305: 'argument': truncation from 'double' to 'GLfloat'
c:\users\hellr\documents\github\3d-engine-tutorial\3d-engine\spotlighttutorial.h(183): warning C4305: 'argument': truncation from 'double' to 'GLfloat'
c:\users\hellr\documents\github\3d-engine-tutorial\3d-engine\multiplelightstutorial.h(188): warning C4305: 'argument': truncation from 'double' to 'GLfloat'
c:\users\hellr\documents\github\3d-engine-tutorial\3d-engine\multiplelightstutorial.h(189): warning C4305: 'argument': truncation from 'double' to 'GLfloat'
c:\users\hellr\documents\github\3d-engine-tutorial\3d-engine\multiplelightstutorial.h(196): warning C4305: 'argument': truncation from 'double' to 'GLfloat'
c:\users\hellr\documents\github\3d-engine-tutorial\3d-engine\multiplelightstutorial.h(197): warning C4305: 'argument': truncation from 'double' to 'GLfloat'
c:\users\hellr\documents\github\3d-engine-tutorial\3d-engine\multiplelightstutorial.h(204): warning C4305: 'argument': truncation from 'double' to 'GLfloat'
c:\users\hellr\documents\github\3d-engine-tutorial\3d-engine\multiplelightstutorial.h(205): warning C4305: 'argument': truncation from 'double' to 'GLfloat'
c:\users\hellr\documents\github\3d-engine-tutorial\3d-engine\multiplelightstutorial.h(212): warning C4305: 'argument': truncation from 'double' to 'GLfloat'
c:\users\hellr\documents\github\3d-engine-tutorial\3d-engine\multiplelightstutorial.h(213): warning C4305: 'argument': truncation from 'double' to 'GLfloat'
c:\users\hellr\documents\github\3d-engine-tutorial\3d-engine\graphnode.h(38): warning C4018: '<': signed/unsigned mismatch
c:\users\hellr\documents\github\3d-engine-tutorial\3d-engine\graphnode.h(40): warning C4018: '<': signed/unsigned mismatch
c:\users\hellr\documents\github\3d-engine-tutorial\3d-engine\graphnode.h(157): warning C4018: '<': signed/unsigned mismatch
c:\users\hellr\documents\github\3d-engine-tutorial\3d-engine\graphnode.h(162): warning C4018: '<': signed/unsigned mismatch
c:\users\hellr\documents\github\3d-engine-tutorial\3d-engine\graphnode.h(183): warning C4018: '<': signed/unsigned mismatch
c:\users\hellr\documents\github\3d-engine-tutorial\3d-engine\scenegraph.h(74): warning C4018: '<': signed/unsigned mismatch
c:\users\hellr\documents\github\3d-engine-tutorial\3d-engine\scenegraph.h(115): warning C4018: '<': signed/unsigned mismatch
  Application.cpp
c:\users\hellr\documents\github\3d-engine-tutorial\3d-engine\tempmili.h(14): warning C4244: 'initializing': conversion from 'float' to 'Uint64', possible loss of data
c:\users\hellr\documents\github\3d-engine-tutorial\3d-engine\tempmili.h(30): warning C4244: 'return': conversion from 'Uint64' to 'double', possible loss of data
c:\users\hellr\documents\github\3d-engine-tutorial\3d-engine\tempmili.h(32): warning C4244: 'return': conversion from 'Uint64' to 'double', possible loss of data
c:\users\hellr\documents\github\3d-engine-tutorial\3d-engine\tempmili.h(41): warning C4244: 'return': conversion from 'Uint64' to 'double', possible loss of data
c:\users\hellr\documents\github\3d-engine-tutorial\3d-engine\tutorial04-shader.h(96): warning C4996: 'strcpy': This function or variable may be unsafe. Consider using strcpy_s instead. To disable deprecation, use _CRT_SECURE_NO_WARNINGS. See online help for details.
  c:\program files (x86)\windows kits\10\include\10.0.10240.0\ucrt\string.h(119): note: see declaration of 'strcpy'
c:\users\hellr\documents\github\3d-engine-tutorial\3d-engine\tutorial04-shader.h(99): warning C4996: 'strcpy': This function or variable may be unsafe. Consider using strcpy_s instead. To disable deprecation, use _CRT_SECURE_NO_WARNINGS. See online help for details.
  c:\program files (x86)\windows kits\10\include\10.0.10240.0\ucrt\string.h(119): note: see declaration of 'strcpy'
c:\users\hellr\documents\github\3d-engine-tutorial\3d-engine\tutorial05-uniformvariables.h(102): warning C4996: 'strcpy': This function or variable may be unsafe. Consider using strcpy_s instead. To disable deprecation, use _CRT_SECURE_NO_WARNINGS. See online help for details.
  c:\program files (x86)\windows kits\10\include\10.0.10240.0\ucrt\string.h(119): note: see declaration of 'strcpy'
c:\users\hellr\documents\github\3d-engine-tutorial\3d-engine\tutorial05-uniformvariables.h(105): warning C4996: 'strcpy': This function or variable may be unsafe. Consider using strcpy_s instead. To disable deprecation, use _CRT_SECURE_NO_WARNINGS. See online help for details.
  c:\program files (x86)\windows kits\10\include\10.0.10240.0\ucrt\string.h(119): note: see declaration of 'strcpy'
c:\users\hellr\documents\github\3d-engine-tutorial\3d-engine\camera.h(118): warning C4244: '-=': conversion from 'double' to 'GLfloat', possible loss of data
c:\users\hellr\documents\github\3d-engine-tutorial\3d-engine\basictutorialcamera.h(188): warning C4244: 'initializing': conversion from 'double' to 'GLfloat', possible loss of data
c:\users\hellr\documents\github\3d-engine-tutorial\3d-engine\basictutorialcamera.h(189): warning C4244: 'initializing': conversion from 'double' to 'GLfloat', possible loss of data
c:\users\hellr\documents\github\3d-engine-tutorial\3d-engine\basictutorialcamera.h(312): warning C4244: '-=': conversion from 'double' to 'GLfloat', possible loss of data
c:\users\hellr\documents\github\3d-engine-tutorial\3d-engine\materialtutorial.h(129): warning C4244: '=': conversion from 'double' to 'float', possible loss of data
c:\users\hellr\documents\github\3d-engine-tutorial\3d-engine\materialtutorial.h(130): warning C4244: '=': conversion from 'double' to 'float', possible loss of data
c:\users\hellr\documents\github\3d-engine-tutorial\3d-engine\materialtutorial.h(131): warning C4244: '=': conversion from 'double' to 'float', possible loss of data
c:\users\hellr\documents\github\3d-engine-tutorial\3d-engine\pointlighttutorial.h(170): warning C4305: 'argument': truncation from 'double' to 'GLfloat'
c:\users\hellr\documents\github\3d-engine-tutorial\3d-engine\pointlighttutorial.h(171): warning C4305: 'argument': truncation from 'double' to 'GLfloat'
c:\users\hellr\documents\github\3d-engine-tutorial\3d-engine\spotlighttutorial.h(182): warning C4305: 'argument': truncation from 'double' to 'GLfloat'
c:\users\hellr\documents\github\3d-engine-tutorial\3d-engine\spotlighttutorial.h(183): warning C4305: 'argument': truncation from 'double' to 'GLfloat'
c:\users\hellr\documents\github\3d-engine-tutorial\3d-engine\multiplelightstutorial.h(188): warning C4305: 'argument': truncation from 'double' to 'GLfloat'
c:\users\hellr\documents\github\3d-engine-tutorial\3d-engine\multiplelightstutorial.h(189): warning C4305: 'argument': truncation from 'double' to 'GLfloat'
c:\users\hellr\documents\github\3d-engine-tutorial\3d-engine\multiplelightstutorial.h(196): warning C4305: 'argument': truncation from 'double' to 'GLfloat'
c:\users\hellr\documents\github\3d-engine-tutorial\3d-engine\multiplelightstutorial.h(197): warning C4305: 'argument': truncation from 'double' to 'GLfloat'
c:\users\hellr\documents\github\3d-engine-tutorial\3d-engine\multiplelightstutorial.h(204): warning C4305: 'argument': truncation from 'double' to 'GLfloat'
c:\users\hellr\documents\github\3d-engine-tutorial\3d-engine\multiplelightstutorial.h(205): warning C4305: 'argument': truncation from 'double' to 'GLfloat'
c:\users\hellr\documents\github\3d-engine-tutorial\3d-engine\multiplelightstutorial.h(212): warning C4305: 'argument': truncation from 'double' to 'GLfloat'
c:\users\hellr\documents\github\3d-engine-tutorial\3d-engine\multiplelightstutorial.h(213): warning C4305: 'argument': truncation from 'double' to 'GLfloat'
c:\users\hellr\documents\github\3d-engine-tutorial\3d-engine\graphnode.h(38): warning C4018: '<': signed/unsigned mismatch
c:\users\hellr\documents\github\3d-engine-tutorial\3d-engine\graphnode.h(40): warning C4018: '<': signed/unsigned mismatch
c:\users\hellr\documents\github\3d-engine-tutorial\3d-engine\graphnode.h(157): warning C4018: '<': signed/unsigned mismatch
c:\users\hellr\documents\github\3d-engine-tutorial\3d-engine\graphnode.h(162): warning C4018: '<': signed/unsigned mismatch
c:\users\hellr\documents\github\3d-engine-tutorial\3d-engine\graphnode.h(183): warning C4018: '<': signed/unsigned mismatch
c:\users\hellr\documents\github\3d-engine-tutorial\3d-engine\scenegraph.h(74): warning C4018: '<': signed/unsigned mismatch
c:\users\hellr\documents\github\3d-engine-tutorial\3d-engine\scenegraph.h(115): warning C4018: '<': signed/unsigned mismatch
c:\users\hellr\documents\github\3d-engine-tutorial\3d-engine\application.cpp(8): warning C4067: unexpected tokens following preprocessor directive - expected a newline
c:\users\hellr\documents\github\3d-engine-tutorial\3d-engine\application.cpp(81): warning C4244: 'initializing': conversion from 'double' to 'float', possible loss of data
c:\users\hellr\documents\github\3d-engine-tutorial\3d-engine\application.cpp(87): warning C4244: 'argument': conversion from 'int' to 'float', possible loss of data
c:\users\hellr\documents\github\3d-engine-tutorial\3d-engine\application.cpp(92): warning C4244: 'initializing': conversion from 'double' to 'Uint32', possible loss of data
c:\users\hellr\documents\github\3d-engine-tutorial\3d-engine\application.cpp(111): warning C4244: 'initializing': conversion from 'Uint32' to 'GLfloat', possible loss of data
  Generating Code...
  SDL Game.vcxproj -> C:\Users\hellr\Documents\GitHub\3D-Engine-Tutorial\3D-Engine\Debug\My3dEngine.exe
  SDL Game.vcxproj -> C:\Users\hellr\Documents\GitHub\3D-Engine-Tutorial\3D-Engine\Debug\My3dEngine.pdb (Full PDB)
